<?xml version="1.0" encoding="UTF-8"?>
<Site BuildName="Linux-g++"
	BuildStamp="20240228-0541-Experimental"
	Name="N128"
	Generator="ctest-3.22.1"
	CompilerName="/usr/bin/g++"
	CompilerVersion="11.4.0"
	OSName="Linux"
	Hostname="N128"
	OSRelease="6.5.0-21-generic"
	OSVersion="#21~22.04.1-Ubuntu SMP PREEMPT_DYNAMIC Fri Feb  9 13:32:52 UTC 2"
	OSPlatform="x86_64"
	Is64Bits="1"
	VendorString="GenuineIntel"
	VendorID="Intel Corporation"
	FamilyID="6"
	ModelID="158"
	ProcessorCacheSize="12288"
	NumberOfLogicalCPU="12"
	NumberOfPhysicalCPU="6"
	TotalVirtualMemory="2047"
	TotalPhysicalMemory="31942"
	LogicalProcessorsPerPhysical="2"
	ProcessorClockFrequency="3998.21"
	>
	<Testing>
		<StartDateTime>Feb 28 17:18 +03</StartDateTime>
		<StartTestTime>1709129920</StartTestTime>
		<TestList/>
		<EndDateTime>Feb 28 17:18 +03</EndDateTime>
		<EndTestTime>1709129920</EndTestTime>
		<ElapsedMinutes>0</ElapsedMinutes>
	</Testing>
</Site>
