<?xml version="1.0" encoding="UTF-8"?>
<Site BuildName="Linux-g++"
	BuildStamp="20240223-0526-Experimental"
	Name="N128"
	Generator="ctest-3.22.1"
	CompilerName="/usr/bin/g++"
	CompilerVersion="11.4.0"
	OSName="Linux"
	Hostname="N128"
	OSRelease="6.5.0-18-generic"
	OSVersion="#18~22.04.1-Ubuntu SMP PREEMPT_DYNAMIC Wed Feb  7 11:40:03 UTC 2"
	OSPlatform="x86_64"
	Is64Bits="1"
	VendorString="GenuineIntel"
	VendorID="Intel Corporation"
	FamilyID="6"
	ModelID="158"
	ProcessorCacheSize="12288"
	NumberOfLogicalCPU="12"
	NumberOfPhysicalCPU="6"
	TotalVirtualMemory="2047"
	TotalPhysicalMemory="31942"
	LogicalProcessorsPerPhysical="2"
	ProcessorClockFrequency="4080.8"
	>
	<Testing>
		<StartDateTime>Feb 23 10:16 +03</StartDateTime>
		<StartTestTime>1708672610</StartTestTime>
		<TestList/>
		<EndDateTime>Feb 23 10:16 +03</EndDateTime>
		<EndTestTime>1708672610</EndTestTime>
		<ElapsedMinutes>0</ElapsedMinutes>
	</Testing>
</Site>
